#GEO
38 -122.2
38 -122.1947
38 -122.1895
38 -122.1842
38 -122.1789
38 -122.1737
38 -122.1684
38 -122.1632
38 -122.1579
38 -122.1526
38 -122.1474
38 -122.1421
38 -122.1368
38 -122.1316
38 -122.1263
38 -122.1211
38 -122.1158
38 -122.1105
38 -122.1053
38 -122.1
38.00513 -122.2
38.00513 -122.1947
38.00513 -122.1895
38.00513 -122.1842
38.00513 -122.1789
38.00513 -122.1737
38.00513 -122.1684
38.00513 -122.1632
38.00513 -122.1579
38.00513 -122.1526
38.00513 -122.1474
38.00513 -122.1421
38.00513 -122.1368
38.00513 -122.1316
38.00513 -122.1263
38.00513 -122.1211
38.00513 -122.1158
38.00513 -122.1105
38.00513 -122.1053
38.00513 -122.1
38.01026 -122.2
38.01026 -122.1947
38.01026 -122.1895
38.01026 -122.1842
38.01026 -122.1789
38.01026 -122.1737
38.01026 -122.1684
38.01026 -122.1632
38.01026 -122.1579
38.01026 -122.1526
38.01026 -122.1474
38.01026 -122.1421
38.01026 -122.1368
38.01026 -122.1316
38.01026 -122.1263
38.01026 -122.1211
38.01026 -122.1158
38.01026 -122.1105
38.01026 -122.1053
38.01026 -122.1
38.01538 -122.2
38.01538 -122.1947
38.01538 -122.1895
38.01538 -122.1842
38.01538 -122.1789
38.01538 -122.1737
38.01538 -122.1684
38.01538 -122.1632
38.01538 -122.1579
38.01538 -122.1526
38.01538 -122.1474
38.01538 -122.1421
38.01538 -122.1368
38.01538 -122.1316
38.01538 -122.1263
38.01538 -122.1211
38.01538 -122.1158
38.01538 -122.1105
38.01538 -122.1053
38.01538 -122.1
38.02051 -122.2
38.02051 -122.1947
38.02051 -122.1895
38.02051 -122.1842
38.02051 -122.1789
38.02051 -122.1737
38.02051 -122.1684
38.02051 -122.1632
38.02051 -122.1579
38.02051 -122.1526
38.02051 -122.1474
38.02051 -122.1421
38.02051 -122.1368
38.02051 -122.1316
38.02051 -122.1263
38.02051 -122.1211
38.02051 -122.1158
38.02051 -122.1105
38.02051 -122.1053
38.02051 -122.1
38.02564 -122.2
38.02564 -122.1947
38.02564 -122.1895
38.02564 -122.1842
38.02564 -122.1789
38.02564 -122.1737
38.02564 -122.1684
38.02564 -122.1632
38.02564 -122.1579
38.02564 -122.1526
38.02564 -122.1474
38.02564 -122.1421
38.02564 -122.1368
38.02564 -122.1316
38.02564 -122.1263
38.02564 -122.1211
38.02564 -122.1158
38.02564 -122.1105
38.02564 -122.1053
38.02564 -122.1
38.03077 -122.2
38.03077 -122.1947
38.03077 -122.1895
38.03077 -122.1842
38.03077 -122.1789
38.03077 -122.1737
38.03077 -122.1684
38.03077 -122.1632
38.03077 -122.1579
38.03077 -122.1526
38.03077 -122.1474
38.03077 -122.1421
38.03077 -122.1368
38.03077 -122.1316
38.03077 -122.1263
38.03077 -122.1211
38.03077 -122.1158
38.03077 -122.1105
38.03077 -122.1053
38.03077 -122.1
38.0359 -122.2
38.0359 -122.1947
38.0359 -122.1895
38.0359 -122.1842
38.0359 -122.1789
38.0359 -122.1737
38.0359 -122.1684
38.0359 -122.1632
38.0359 -122.1579
38.0359 -122.1526
38.0359 -122.1474
38.0359 -122.1421
38.0359 -122.1368
38.0359 -122.1316
38.0359 -122.1263
38.0359 -122.1211
38.0359 -122.1158
38.0359 -122.1105
38.0359 -122.1053
38.0359 -122.1
38.04103 -122.2
38.04103 -122.1947
38.04103 -122.1895
38.04103 -122.1842
38.04103 -122.1789
38.04103 -122.1737
38.04103 -122.1684
38.04103 -122.1632
38.04103 -122.1579
38.04103 -122.1526
38.04103 -122.1474
38.04103 -122.1421
38.04103 -122.1368
38.04103 -122.1316
38.04103 -122.1263
38.04103 -122.1211
38.04103 -122.1158
38.04103 -122.1105
38.04103 -122.1053
38.04103 -122.1
38.04615 -122.2
38.04615 -122.1947
38.04615 -122.1895
38.04615 -122.1842
38.04615 -122.1789
38.04615 -122.1737
38.04615 -122.1684
38.04615 -122.1632
38.04615 -122.1579
38.04615 -122.1526
38.04615 -122.1474
38.04615 -122.1421
38.04615 -122.1368
38.04615 -122.1316
38.04615 -122.1263
38.04615 -122.1211
38.04615 -122.1158
38.04615 -122.1105
38.04615 -122.1053
38.04615 -122.1
38.05128 -122.2
38.05128 -122.1947
38.05128 -122.1895
38.05128 -122.1842
38.05128 -122.1789
38.05128 -122.1737
38.05128 -122.1684
38.05128 -122.1632
38.05128 -122.1579
38.05128 -122.1526
38.05128 -122.1474
38.05128 -122.1421
38.05128 -122.1368
38.05128 -122.1316
38.05128 -122.1263
38.05128 -122.1211
38.05128 -122.1158
38.05128 -122.1105
38.05128 -122.1053
38.05128 -122.1
38.05641 -122.2
38.05641 -122.1947
38.05641 -122.1895
38.05641 -122.1842
38.05641 -122.1789
38.05641 -122.1737
38.05641 -122.1684
38.05641 -122.1632
38.05641 -122.1579
38.05641 -122.1526
38.05641 -122.1474
38.05641 -122.1421
38.05641 -122.1368
38.05641 -122.1316
38.05641 -122.1263
38.05641 -122.1211
38.05641 -122.1158
38.05641 -122.1105
38.05641 -122.1053
38.05641 -122.1
38.06154 -122.2
38.06154 -122.1947
38.06154 -122.1895
38.06154 -122.1842
38.06154 -122.1789
38.06154 -122.1737
38.06154 -122.1684
38.06154 -122.1632
38.06154 -122.1579
38.06154 -122.1526
38.06154 -122.1474
38.06154 -122.1421
38.06154 -122.1368
38.06154 -122.1316
38.06154 -122.1263
38.06154 -122.1211
38.06154 -122.1158
38.06154 -122.1105
38.06154 -122.1053
38.06154 -122.1
38.06667 -122.2
38.06667 -122.1947
38.06667 -122.1895
38.06667 -122.1842
38.06667 -122.1789
38.06667 -122.1737
38.06667 -122.1684
38.06667 -122.1632
38.06667 -122.1579
38.06667 -122.1526
38.06667 -122.1474
38.06667 -122.1421
38.06667 -122.1368
38.06667 -122.1316
38.06667 -122.1263
38.06667 -122.1211
38.06667 -122.1158
38.06667 -122.1105
38.06667 -122.1053
38.06667 -122.1
38.07179 -122.2
38.07179 -122.1947
38.07179 -122.1895
38.07179 -122.1842
38.07179 -122.1789
38.07179 -122.1737
38.07179 -122.1684
38.07179 -122.1632
38.07179 -122.1579
38.07179 -122.1526
38.07179 -122.1474
38.07179 -122.1421
38.07179 -122.1368
38.07179 -122.1316
38.07179 -122.1263
38.07179 -122.1211
38.07179 -122.1158
38.07179 -122.1105
38.07179 -122.1053
38.07179 -122.1
38.07692 -122.2
38.07692 -122.1947
38.07692 -122.1895
38.07692 -122.1842
38.07692 -122.1789
38.07692 -122.1737
38.07692 -122.1684
38.07692 -122.1632
38.07692 -122.1579
38.07692 -122.1526
38.07692 -122.1474
38.07692 -122.1421
38.07692 -122.1368
38.07692 -122.1316
38.07692 -122.1263
38.07692 -122.1211
38.07692 -122.1158
38.07692 -122.1105
38.07692 -122.1053
38.07692 -122.1
38.08205 -122.2
38.08205 -122.1947
38.08205 -122.1895
38.08205 -122.1842
38.08205 -122.1789
38.08205 -122.1737
38.08205 -122.1684
38.08205 -122.1632
38.08205 -122.1579
38.08205 -122.1526
38.08205 -122.1474
38.08205 -122.1421
38.08205 -122.1368
38.08205 -122.1316
38.08205 -122.1263
38.08205 -122.1211
38.08205 -122.1158
38.08205 -122.1105
38.08205 -122.1053
38.08205 -122.1
38.08718 -122.2
38.08718 -122.1947
38.08718 -122.1895
38.08718 -122.1842
38.08718 -122.1789
38.08718 -122.1737
38.08718 -122.1684
38.08718 -122.1632
38.08718 -122.1579
38.08718 -122.1526
38.08718 -122.1474
38.08718 -122.1421
38.08718 -122.1368
38.08718 -122.1316
38.08718 -122.1263
38.08718 -122.1211
38.08718 -122.1158
38.08718 -122.1105
38.08718 -122.1053
38.08718 -122.1
38.09231 -122.2
38.09231 -122.1947
38.09231 -122.1895
38.09231 -122.1842
38.09231 -122.1789
38.09231 -122.1737
38.09231 -122.1684
38.09231 -122.1632
38.09231 -122.1579
38.09231 -122.1526
38.09231 -122.1474
38.09231 -122.1421
38.09231 -122.1368
38.09231 -122.1316
38.09231 -122.1263
38.09231 -122.1211
38.09231 -122.1158
38.09231 -122.1105
38.09231 -122.1053
38.09231 -122.1
38.09744 -122.2
38.09744 -122.1947
38.09744 -122.1895
38.09744 -122.1842
38.09744 -122.1789
38.09744 -122.1737
38.09744 -122.1684
38.09744 -122.1632
38.09744 -122.1579
38.09744 -122.1526
38.09744 -122.1474
38.09744 -122.1421
38.09744 -122.1368
38.09744 -122.1316
38.09744 -122.1263
38.09744 -122.1211
38.09744 -122.1158
38.09744 -122.1105
38.09744 -122.1053
38.09744 -122.1
38.10256 -122.2
38.10256 -122.1947
38.10256 -122.1895
38.10256 -122.1842
38.10256 -122.1789
38.10256 -122.1737
38.10256 -122.1684
38.10256 -122.1632
38.10256 -122.1579
38.10256 -122.1526
38.10256 -122.1474
38.10256 -122.1421
38.10256 -122.1368
38.10256 -122.1316
38.10256 -122.1263
38.10256 -122.1211
38.10256 -122.1158
38.10256 -122.1105
38.10256 -122.1053
38.10256 -122.1
38.10769 -122.2
38.10769 -122.1947
38.10769 -122.1895
38.10769 -122.1842
38.10769 -122.1789
38.10769 -122.1737
38.10769 -122.1684
38.10769 -122.1632
38.10769 -122.1579
38.10769 -122.1526
38.10769 -122.1474
38.10769 -122.1421
38.10769 -122.1368
38.10769 -122.1316
38.10769 -122.1263
38.10769 -122.1211
38.10769 -122.1158
38.10769 -122.1105
38.10769 -122.1053
38.10769 -122.1
38.11282 -122.2
38.11282 -122.1947
38.11282 -122.1895
38.11282 -122.1842
38.11282 -122.1789
38.11282 -122.1737
38.11282 -122.1684
38.11282 -122.1632
38.11282 -122.1579
38.11282 -122.1526
38.11282 -122.1474
38.11282 -122.1421
38.11282 -122.1368
38.11282 -122.1316
38.11282 -122.1263
38.11282 -122.1211
38.11282 -122.1158
38.11282 -122.1105
38.11282 -122.1053
38.11282 -122.1
38.11795 -122.2
38.11795 -122.1947
38.11795 -122.1895
38.11795 -122.1842
38.11795 -122.1789
38.11795 -122.1737
38.11795 -122.1684
38.11795 -122.1632
38.11795 -122.1579
38.11795 -122.1526
38.11795 -122.1474
38.11795 -122.1421
38.11795 -122.1368
38.11795 -122.1316
38.11795 -122.1263
38.11795 -122.1211
38.11795 -122.1158
38.11795 -122.1105
38.11795 -122.1053
38.11795 -122.1
38.12308 -122.2
38.12308 -122.1947
38.12308 -122.1895
38.12308 -122.1842
38.12308 -122.1789
38.12308 -122.1737
38.12308 -122.1684
38.12308 -122.1632
38.12308 -122.1579
38.12308 -122.1526
38.12308 -122.1474
38.12308 -122.1421
38.12308 -122.1368
38.12308 -122.1316
38.12308 -122.1263
38.12308 -122.1211
38.12308 -122.1158
38.12308 -122.1105
38.12308 -122.1053
38.12308 -122.1
38.12821 -122.2
38.12821 -122.1947
38.12821 -122.1895
38.12821 -122.1842
38.12821 -122.1789
38.12821 -122.1737
38.12821 -122.1684
38.12821 -122.1632
38.12821 -122.1579
38.12821 -122.1526
38.12821 -122.1474
38.12821 -122.1421
38.12821 -122.1368
38.12821 -122.1316
38.12821 -122.1263
38.12821 -122.1211
38.12821 -122.1158
38.12821 -122.1105
38.12821 -122.1053
38.12821 -122.1
38.13333 -122.2
38.13333 -122.1947
38.13333 -122.1895
38.13333 -122.1842
38.13333 -122.1789
38.13333 -122.1737
38.13333 -122.1684
38.13333 -122.1632
38.13333 -122.1579
38.13333 -122.1526
38.13333 -122.1474
38.13333 -122.1421
38.13333 -122.1368
38.13333 -122.1316
38.13333 -122.1263
38.13333 -122.1211
38.13333 -122.1158
38.13333 -122.1105
38.13333 -122.1053
38.13333 -122.1
38.13846 -122.2
38.13846 -122.1947
38.13846 -122.1895
38.13846 -122.1842
38.13846 -122.1789
38.13846 -122.1737
38.13846 -122.1684
38.13846 -122.1632
38.13846 -122.1579
38.13846 -122.1526
38.13846 -122.1474
38.13846 -122.1421
38.13846 -122.1368
38.13846 -122.1316
38.13846 -122.1263
38.13846 -122.1211
38.13846 -122.1158
38.13846 -122.1105
38.13846 -122.1053
38.13846 -122.1
38.14359 -122.2
38.14359 -122.1947
38.14359 -122.1895
38.14359 -122.1842
38.14359 -122.1789
38.14359 -122.1737
38.14359 -122.1684
38.14359 -122.1632
38.14359 -122.1579
38.14359 -122.1526
38.14359 -122.1474
38.14359 -122.1421
38.14359 -122.1368
38.14359 -122.1316
38.14359 -122.1263
38.14359 -122.1211
38.14359 -122.1158
38.14359 -122.1105
38.14359 -122.1053
38.14359 -122.1
38.14872 -122.2
38.14872 -122.1947
38.14872 -122.1895
38.14872 -122.1842
38.14872 -122.1789
38.14872 -122.1737
38.14872 -122.1684
38.14872 -122.1632
38.14872 -122.1579
38.14872 -122.1526
38.14872 -122.1474
38.14872 -122.1421
38.14872 -122.1368
38.14872 -122.1316
38.14872 -122.1263
38.14872 -122.1211
38.14872 -122.1158
38.14872 -122.1105
38.14872 -122.1053
38.14872 -122.1
38.15385 -122.2
38.15385 -122.1947
38.15385 -122.1895
38.15385 -122.1842
38.15385 -122.1789
38.15385 -122.1737
38.15385 -122.1684
38.15385 -122.1632
38.15385 -122.1579
38.15385 -122.1526
38.15385 -122.1474
38.15385 -122.1421
38.15385 -122.1368
38.15385 -122.1316
38.15385 -122.1263
38.15385 -122.1211
38.15385 -122.1158
38.15385 -122.1105
38.15385 -122.1053
38.15385 -122.1
38.15897 -122.2
38.15897 -122.1947
38.15897 -122.1895
38.15897 -122.1842
38.15897 -122.1789
38.15897 -122.1737
38.15897 -122.1684
38.15897 -122.1632
38.15897 -122.1579
38.15897 -122.1526
38.15897 -122.1474
38.15897 -122.1421
38.15897 -122.1368
38.15897 -122.1316
38.15897 -122.1263
38.15897 -122.1211
38.15897 -122.1158
38.15897 -122.1105
38.15897 -122.1053
38.15897 -122.1
38.1641 -122.2
38.1641 -122.1947
38.1641 -122.1895
38.1641 -122.1842
38.1641 -122.1789
38.1641 -122.1737
38.1641 -122.1684
38.1641 -122.1632
38.1641 -122.1579
38.1641 -122.1526
38.1641 -122.1474
38.1641 -122.1421
38.1641 -122.1368
38.1641 -122.1316
38.1641 -122.1263
38.1641 -122.1211
38.1641 -122.1158
38.1641 -122.1105
38.1641 -122.1053
38.1641 -122.1
38.16923 -122.2
38.16923 -122.1947
38.16923 -122.1895
38.16923 -122.1842
38.16923 -122.1789
38.16923 -122.1737
38.16923 -122.1684
38.16923 -122.1632
38.16923 -122.1579
38.16923 -122.1526
38.16923 -122.1474
38.16923 -122.1421
38.16923 -122.1368
38.16923 -122.1316
38.16923 -122.1263
38.16923 -122.1211
38.16923 -122.1158
38.16923 -122.1105
38.16923 -122.1053
38.16923 -122.1
38.17436 -122.2
38.17436 -122.1947
38.17436 -122.1895
38.17436 -122.1842
38.17436 -122.1789
38.17436 -122.1737
38.17436 -122.1684
38.17436 -122.1632
38.17436 -122.1579
38.17436 -122.1526
38.17436 -122.1474
38.17436 -122.1421
38.17436 -122.1368
38.17436 -122.1316
38.17436 -122.1263
38.17436 -122.1211
38.17436 -122.1158
38.17436 -122.1105
38.17436 -122.1053
38.17436 -122.1
38.17949 -122.2
38.17949 -122.1947
38.17949 -122.1895
38.17949 -122.1842
38.17949 -122.1789
38.17949 -122.1737
38.17949 -122.1684
38.17949 -122.1632
38.17949 -122.1579
38.17949 -122.1526
38.17949 -122.1474
38.17949 -122.1421
38.17949 -122.1368
38.17949 -122.1316
38.17949 -122.1263
38.17949 -122.1211
38.17949 -122.1158
38.17949 -122.1105
38.17949 -122.1053
38.17949 -122.1
38.18462 -122.2
38.18462 -122.1947
38.18462 -122.1895
38.18462 -122.1842
38.18462 -122.1789
38.18462 -122.1737
38.18462 -122.1684
38.18462 -122.1632
38.18462 -122.1579
38.18462 -122.1526
38.18462 -122.1474
38.18462 -122.1421
38.18462 -122.1368
38.18462 -122.1316
38.18462 -122.1263
38.18462 -122.1211
38.18462 -122.1158
38.18462 -122.1105
38.18462 -122.1053
38.18462 -122.1
38.18974 -122.2
38.18974 -122.1947
38.18974 -122.1895
38.18974 -122.1842
38.18974 -122.1789
38.18974 -122.1737
38.18974 -122.1684
38.18974 -122.1632
38.18974 -122.1579
38.18974 -122.1526
38.18974 -122.1474
38.18974 -122.1421
38.18974 -122.1368
38.18974 -122.1316
38.18974 -122.1263
38.18974 -122.1211
38.18974 -122.1158
38.18974 -122.1105
38.18974 -122.1053
38.18974 -122.1
38.19487 -122.2
38.19487 -122.1947
38.19487 -122.1895
38.19487 -122.1842
38.19487 -122.1789
38.19487 -122.1737
38.19487 -122.1684
38.19487 -122.1632
38.19487 -122.1579
38.19487 -122.1526
38.19487 -122.1474
38.19487 -122.1421
38.19487 -122.1368
38.19487 -122.1316
38.19487 -122.1263
38.19487 -122.1211
38.19487 -122.1158
38.19487 -122.1105
38.19487 -122.1053
38.19487 -122.1
38.2 -122.2
38.2 -122.1947
38.2 -122.1895
38.2 -122.1842
38.2 -122.1789
38.2 -122.1737
38.2 -122.1684
38.2 -122.1632
38.2 -122.1579
38.2 -122.1526
38.2 -122.1474
38.2 -122.1421
38.2 -122.1368
38.2 -122.1316
38.2 -122.1263
38.2 -122.1211
38.2 -122.1158
38.2 -122.1105
38.2 -122.1053
38.2 -122.1

#STATES
Taxon_1 0 0 0 0 0 0 0 0 0 0 0 0 0 0 0 0 0 0 0 0 0 0 0 0 0 0 0 0 0 0 0 0 0 0 0 0 0 0 0 0 0 0 0 1 1 0 0 0 0 0 0 0 0 0 0 0 0 0 0 0 0 1 1 1 0 0 0 0 0 0 0 0 0 0 0 0 0 0 0 0 0 0 0 0 0 0 1 0 0 0 0 0 0 0 0 0 0 0 0 0 0 0 0 1 1 0 0 0 0 0 0 0 0 0 0 0 0 0 0 0 0 0 1 0 0 0 0 0 0 0 0 0 0 0 0 0 0 0 0 0 0 0 0 0 0 0 0 0 0 0 0 0 0 0 0 0 0 0 0 0 0 0 0 0 0 0 0 0 0 0 0 0 0 0 0 0 0 0 0 0 0 0 0 0 0 1 0 0 0 0 0 0 0 0 0 0 0 0 0 0 0 0 0 0 0 0 0 0 0 0 0 0 0 0 0 0 0 0 0 0 0 0 0 0 0 0 1 0 0 0 0 0 0 0 0 0 0 0 0 0 0 0 0 0 1 0 1 0 1 0 0 0 0 0 0 0 0 0 0 0 0 0 0 0 0 0 0 0 0 1 1 0 1 0 0 0 0 0 0 0 0 0 0 0 0 0 0 0 0 0 0 1 0 1 1 0 0 0 0 0 0 0 0 0 0 0 0 0 0 0 0 0 0 0 0 0 0 0 0 0 0 0 0 0 0 0 0 0 0 0 0 0 0 0 0 0 0 0 0 0 0 0 0 0 0 0 0 0 0 0 0 0 0 1 0 1 0 0 0 0 0 0 0 0 0 0 0 0 0 0 0 0 0 0 1 1 0 0 0 0 0 0 0 0 0 0 0 0 0 0 0 0 0 0 1 1 0 0 0 0 0 0 0 0 0 0 0 0 0 0 0 0 0 1 0 1 0 0 0 0 0 0 0 0 0 0 0 0 0 0 0 0 0 0 1 0 0 0 0 0 0 0 0 0 0 0 0 0 0 0 1 1 1 1 0 0 0 0 0 0 0 0 0 0 0 0 0 0 0 0 1 0 0 0 0 1 1 0 0 0 0 0 0 0 0 0 0 0 0 0 0 0 0 1 1 0 1 0 0 0 0 0 0 0 0 0 0 0 0 0 0 0 1 1 1 1 0 0 0 0 0 0 0 0 0 0 0 0 0 0 0 1 1 0 1 1 0 0 0 0 0 0 0 0 0 0 0 0 0 1 1 1 1 0 1 0 0 0 0 0 0 0 0 0 0 0 0 0 0 1 0 1 0 1 0 1 0 0 0 0 0 0 0 0 0 0 0 0 0 1 1 1 0 0 0 0 1 0 1 0 0 0 0 0 0 0 0 0 0 1 0 1 0 0 1 0 0 0 1 0 0 0 0 0 0 0 0 0 0 0 0 0 0 0 0 0 0 0 0 0 0 0 0 0 0 0 0 0 0 1 0 0 1 0 0 1 0 0 0 0 0 0 0 0 0 0 0 0 0 0 0 0 0 0 1 0 0 0 0 0 0 0 0 0 0 0 0 0 0 0 0 1 1 1 1 0 0 0 0 0 0 0 0 0 0 0 0 0 0 0 0 0 1 0 0 0 0 0 0 0 1 0 1 0 0 0 0 0 0 0 0 0 0 0 0 1 0 0 0 0 0 0 1 0 0 0 0 0 0 0 1 0 0 0 0 0 0 0 0 0 0 0 0 0 0 0 0 0 0 0 1 1 0 0 0 0 0 0 0 0 0 0 0 0 0 0 0 0 0 0 0 0 0 0 0 0 0 0 0 0
Taxon_2 0 0 0 0 0 0 0 0 0 0 0 0 0 0 0 0 0 0 0 0 0 0 0 0 0 0 0 0 0 0 0 0 0 0 0 0 0 0 0 0 1 1 0 0 0 0 0 0 0 0 0 0 0 0 0 0 0 0 0 0 0 0 0 0 0 0 0 0 0 0 0 0 0 0 0 0 0 0 0 0 0 0 0 0 0 0 0 0 0 0 0 0 0 0 0 0 0 0 0 0 0 0 0 0 0 0 0 0 0 0 0 0 0 0 0 0 0 0 0 0 0 0 0 0 0 0 0 0 0 0 0 0 0 0 0 0 0 0 0 0 0 0 0 0 0 0 0 0 0 0 0 0 0 0 0 0 0 0 0 0 0 0 0 0 0 0 0 0 0 0 0 0 0 0 0 0 0 0 0 0 0 0 0 0 0 0 0 0 0 0 0 0 0 0 0 0 0 0 0 0 0 0 0 0 0 0 0 0 0 0 0 0 0 0 0 0 0 0 0 0 0 0 0 0 0 0 0 0 0 0 0 0 0 0 0 0 0 0 0 0 0 0 0 0 0 0 0 0 0 0 0 0 0 0 1 1 0 1 0 0 0 0 0 0 0 0 0 0 0 0 0 1 0 0 0 0 0 0 0 0 0 0 0 0 0 0 0 0 0 0 0 0 0 0 0 0 0 0 0 0 0 0 0 0 0 0 0 0 0 0 0 1 0 0 0 0 0 0 0 0 0 0 0 0 0 0 0 0 0 0 0 0 0 0 0 1 0 0 0 0 0 0 0 0 0 0 0 0 0 0 0 0 0 0 0 0 0 0 0 0 0 0 0 0 0 0 0 0 0 0 0 0 1 1 0 0 0 0 0 0 0 0 0 0 0 0 0 0 0 0 0 0 0 0 1 0 0 0 0 0 0 1 0 0 0 0 0 0 0 0 0 0 0 0 0 0 0 0 0 0 0 1 1 0 1 1 0 0 0 0 0 0 0 0 0 0 1 0 0 0 0 0 0 0 0 0 0 0 0 0 0 0 0 0 0 0 0 0 0 0 0 0 0 1 1 0 0 0 0 0 0 1 1 1 0 0 0 0 0 0 0 0 0 1 0 0 0 0 0 0 0 1 0 0 0 0 0 0 0 0 0 0 0 0 0 0 0 0 0 0 1 1 1 0 0 0 0 1 1 1 0 0 0 0 0 0 0 0 1 0 0 0 0 0 0 0 0 0 0 0 0 0 0 0 0 0 0 0 0 1 0 0 0 0 0 0 0 0 0 0 0 0 0 0 0 0 0 0 0 1 0 0 0 0 0 0 0 0 0 0 0 0 0 0 0 0 0 0 0 0 0 0 0 0 0 1 0 0 0 0 0 0 0 0 0 0 0 0 0 0 0 0 1 1 0 0 0 1 0 0 0 0 0 0 0 0 0 0 0 0 0 0 0 0 0 0 1 1 0 0 0 0 0 0 0 0 0 0 0 0 1 1 0 0 0 1 1 1 1 1 0 0 0 0 0 0 0 0 0 0 0 0 1 0 1 1 0 1 0 0 0 0 0 0 1 1 1 1 0 1 0 0 0 1 1 0 0 0 0 0 0 0 0 1 0 0 0 0 0 0 0 0 0 1 0 0 0 0 0 0 0 0 0 0 0 0 0 1 0 0 0 0 0 0 0 0 0 0 0 0 1 0 1 0 0 0 1 0 0 0 0 1 0 0 0 0 0 0 1 1 1 0 0 0 0 0 0 0 1 1 0 1 1 0 0 0 0 0 0 0 0 0 0 0 0 0 0 0 0 0 0 0 0 0 0 0 0 0 0 0
Taxon_3 0 0 0 0 0 0 0 0 0 0 0 0 0 0 0 0 0 0 0 0 0 0 0 0 0 0 0 0 0 0 0 0 0 0 0 0 0 0 0 0 0 0 0 0 0 0 0 0 0 0 0 0 0 0 0 0 0 0 0 0 0 0 0 0 0 0 0 0 0 0 0 0 0 0 0 0 0 0 0 0 0 0 0 0 0 0 0 0 0 0 0 0 0 0 0 0 0 0 0 0 0 0 0 0 0 0 0 0 0 0 0 0 0 0 0 0 0 0 0 0 0 0 0 0 0 0 0 0 0 0 0 0 0 0 0 0 0 0 0 0 0 0 0 0 0 0 0 0 0 0 0 0 0 0 0 0 0 0 0 0 0 0 0 0 0 0 0 0 0 0 0 0 0 0 0 0 0 0 0 0 0 0 0 0 0 0 0 0 0 0 0 0 0 0 0 0 0 0 0 0 0 0 0 0 0 0 0 0 0 0 0 0 0 0 0 0 0 0 0 0 0 0 0 0 0 0 0 0 0 0 0 0 0 0 0 0 0 0 0 0 0 0 0 0 0 0 0 0 0 0 0 0 0 0 0 0 0 0 0 0 0 0 0 0 0 0 0 0 0 0 0 0 0 0 0 0 0 0 0 0 0 0 0 0 0 0 0 0 0 0 0 0 0 0 0 0 0 0 0 0 0 0 0 0 0 0 0 0 0 0 0 0 0 0 0 0 0 0 0 0 0 0 0 0 0 0 0 0 0 0 0 0 0 0 0 0 0 0 0 0 0 0 0 0 0 0 0 0 0 0 0 0 0 0 0 0 0 0 0 0 0 0 0 0 0 0 0 0 0 0 0 0 0 0 0 0 0 0 0 0 0 0 0 0 0 0 0 0 0 0 0 0 0 0 0 0 0 0 0 0 0 1 1 0 0 0 0 0 0 0 0 0 0 0 0 0 0 0 0 0 0 0 0 0 0 0 0 0 0 0 0 0 0 0 0 0 0 0 0 0 0 0 0 0 0 0 0 0 0 0 0 0 0 1 1 0 0 0 0 0 0 0 0 0 0 0 0 0 0 0 0 0 0 0 0 0 0 0 0 0 0 0 0 0 0 0 1 1 0 0 0 0 0 1 1 0 0 0 0 0 0 0 0 0 0 0 0 0 0 0 0 1 1 0 0 0 0 0 0 0 0 0 0 0 0 0 0 0 1 0 0 0 0 1 1 0 1 0 0 0 0 0 0 0 0 0 0 0 1 1 1 1 1 1 0 0 1 1 0 0 0 0 0 0 0 0 0 0 0 1 1 0 0 1 1 0 0 1 0 0 0 0 1 0 0 0 0 0 0 0 0 0 0 0 0 0 0 0 0 0 1 0 0 1 1 0 0 0 0 0 0 0 1 0 0 0 0 0 1 0 1 0 1 1 1 1 0 0 0 0 1 0 1 1 1 1 1 1 0 0 0 0 0 0 1 0 0 0 0 0 0 0 0 0 0 0 1 1 0 0 0 1 1 1 0 0 0 0 0 0 0 0 0 0 0 0 0 0 0 1 0 1 0 0 0 0 0 0 0 0 0 0 1 1 1 0 0 0 0 1 0 0 0 0 0 1 1 0 0 1 1 1 0 0 1 0 0 0 0 1 0 0 0 0 0 1 0 0 0 0 1 1 0 0 1 0 0 0 1 0 0 0 0 0 0 0 1 0 0 0 1 0 0 1 0 1 1 0 0 0 0 1 1 0 0 0 0 0 0 0 0 0 0 1 0 0 0 0 0 0 0 0 1 1 0 0 0 0 0 0 0 0 1 0 0 0 0 0 0 0
Taxon_4 0 0 0 0 0 0 0 0 0 0 0 0 0 0 0 0 0 0 0 0 0 0 0 0 0 0 0 0 0 0 0 0 0 0 0 0 0 0 0 0 0 0 0 0 0 0 0 0 0 0 0 0 0 0 0 0 0 0 0 0 0 0 0 0 0 0 0 0 0 0 0 0 0 0 0 0 0 0 0 0 0 0 0 1 1 0 0 0 0 0 0 0 0 0 0 0 0 0 0 0 0 0 0 0 1 1 0 0 0 0 0 0 0 0 0 0 0 0 0 0 0 0 0 0 0 0 0 0 0 0 0 0 0 0 0 0 0 0 0 0 0 0 0 0 0 0 0 0 0 0 0 0 0 0 0 0 0 0 0 0 0 0 0 0 0 0 0 0 0 0 0 0 0 0 0 0 0 0 0 0 0 0 0 0 0 0 0 0 0 0 0 0 0 0 0 0 0 0 0 0 0 0 0 0 0 0 0 0 0 0 0 0 0 0 0 0 0 0 0 0 0 0 0 0 0 0 0 0 0 0 0 0 0 0 0 0 0 0 0 0 0 0 0 0 0 0 0 0 0 0 0 0 0 0 0 0 0 0 0 0 0 1 0 1 1 0 0 0 0 0 0 0 0 0 0 0 0 0 0 0 0 0 0 0 1 0 0 0 0 0 0 0 0 0 0 0 0 0 0 0 0 1 0 0 1 1 0 0 0 0 0 0 0 0 0 0 0 0 0 0 0 0 0 0 0 0 0 0 0 0 0 0 0 0 0 0 0 0 0 0 0 0 0 0 1 1 1 0 0 0 0 0 0 0 0 0 0 0 0 0 0 0 0 0 0 1 1 0 0 0 0 0 0 0 0 0 0 0 0 0 0 0 0 0 0 0 0 0 0 0 0 0 0 0 0 0 0 0 0 0 0 0 0 0 0 0 0 0 1 0 0 0 0 1 0 0 0 0 0 0 0 0 0 0 0 0 0 0 0 0 0 0 0 1 0 0 0 0 0 0 0 0 0 0 0 0 0 0 1 0 0 1 0 0 0 0 0 0 0 0 0 0 0 0 0 0 0 0 0 0 1 1 0 0 0 0 0 0 0 0 0 0 0 0 0 0 0 0 0 0 0 1 0 1 0 0 0 0 0 0 0 0 0 0 0 0 0 0 0 0 0 1 1 1 0 0 0 0 0 0 0 0 0 0 0 0 0 0 0 0 0 0 1 0 0 0 0 0 0 0 0 0 0 0 0 0 0 0 0 1 0 0 0 0 1 0 0 0 0 0 0 0 1 1 0 1 1 0 0 0 0 0 0 0 0 0 0 0 0 0 0 0 0 0 0 0 1 0 0 1 0 0 0 0 0 0 0 0 0 0 0 0 0 0 0 1 0 0 0 0 1 1 0 0 0 0 0 0 0 0 0 0 1 0 0 0 0 0 1 0 0 0 1 0 0 0 0 0 0 0 0 0 0 0 1 0 1 1 1 0 0 0 0 1 0 0 1 1 0 0 0 0 0 0 0 0 0 0 0 0 0 0 0 0 0 0 1 0 0 0 0 0 0 0 0 0 0 1 0 1 0 0 0 0 1 1 0 0 0 0 0 0 0 1 1 1 0 1 0 1 0 0 0 0 0 0 0 0 0 0 0 0 0 1 1 0 0 0 1 1 1 0 0 0 0 0 0 0 1 0 0 0 0 1 0 0 0 0 0 0 0 0 0 0 0 0 0 0 0 0 0 0 0 0 0 0 0 0 0 0 0 0 0 0 0 0 0 0 0 0 0 0 0 0 0 0 0 0 0 0 0 0 0 0 0 0 1 0 0 0
Taxon_5 0 0 0 0 0 0 0 0 0 0 0 0 0 0 0 0 0 0 0 0 0 0 0 0 0 0 0 0 0 0 0 0 0 0 0 0 0 0 0 0 0 0 0 0 0 0 0 0 0 0 0 0 0 1 0 0 0 1 0 0 0 0 0 0 0 0 0 0 0 0 0 0 0 0 0 0 0 0 1 0 0 0 0 0 0 0 0 0 0 0 0 0 0 0 0 0 0 0 0 0 0 0 0 0 0 0 0 0 0 0 0 0 0 0 0 0 0 0 0 0 0 0 0 0 0 0 0 0 0 0 0 0 0 0 0 0 0 0 0 0 0 0 0 0 0 0 0 0 0 0 0 0 0 0 0 0 0 0 0 0 0 0 0 0 0 0 0 0 0 0 0 0 0 0 0 0 0 0 0 0 0 0 0 0 0 0 0 0 0 0 0 0 0 0 0 0 0 0 0 0 0 0 0 0 0 0 0 0 0 0 0 0 0 0 0 0 0 0 0 0 0 0 0 0 0 0 0 0 0 0 0 0 0 0 0 0 0 0 0 0 0 1 0 0 0 0 0 0 0 0 0 0 0 0 0 0 0 0 0 0 0 0 0 0 0 0 0 0 0 0 0 0 0 0 0 0 0 0 0 0 0 0 0 0 0 0 1 1 0 0 0 0 0 0 0 0 0 0 0 0 1 0 0 0 0 0 0 0 0 0 0 0 0 0 0 0 0 0 0 0 0 1 1 0 1 1 0 0 0 0 0 0 0 0 0 0 0 0 0 0 0 0 0 0 1 1 0 0 1 0 1 0 0 0 0 0 0 0 0 0 0 0 0 0 0 1 0 0 1 0 1 0 1 0 0 0 0 0 0 0 0 0 0 0 0 0 0 1 1 1 1 1 0 0 0 0 0 0 0 0 0 0 0 0 0 0 1 0 1 1 0 0 0 0 0 0 0 0 0 0 0 0 0 0 0 0 0 0 0 1 1 0 0 0 0 0 0 0 0 0 0 0 0 0 0 0 0 0 0 0 0 0 0 1 0 0 0 0 0 0 0 0 0 0 0 0 0 0 0 0 1 0 0 0 0 0 0 0 0 0 0 0 0 0 0 0 0 0 0 0 0 1 0 0 0 0 0 0 0 0 0 1 0 0 0 0 0 0 0 0 0 0 0 0 0 0 0 0 0 0 0 0 1 0 0 0 0 0 0 0 0 0 0 0 1 0 0 0 0 0 0 0 0 0 1 1 1 0 0 0 0 0 0 1 1 0 0 0 0 0 0 0 0 0 1 1 0 1 0 0 0 1 1 1 0 0 0 0 0 0 0 1 0 0 0 0 1 1 1 0 1 1 0 0 0 0 0 0 0 0 0 0 0 0 1 1 0 1 1 0 0 0 0 0 0 0 0 0 0 0 0 0 0 0 0 1 0 0 0 0 0 0 0 0 0 0 0 0 0 0 0 0 0 0 0 0 0 0 0 0 0 0 0 0 0 0 0 0 0 0 0 0 0 0 0 0 0 0 0 0 0 0 0 0 0 0 0 0 0 0 0 0 0 0 0 0 0 0 0 0 0 0 0 0 0 0 0 0 0 0 0 0 0 0 1 1 0 0 0 0 0 0 0 0 0 0 0 0 0 0 0 0 0 0 0 1 0 0 0 0 0 0 0 0 0 0 0 0 0 0 0 0 0 0 1 1 1 0 0 0 0 0 0 0 0 0 0 0 0 0 1 0 0 0 1 1 0 0 0 0 0 0 0 0 0 0 0 0 0 0 0 0 0 0 0 0 0 0 0 0 0 0 0 0 0 0 0 0 0 0
Taxon_6 0 0.000930232558139535 0 0.000930232558139535 0.000930232558139535 0 0 0.000930232558139535 0 0.00186046511627907 0.000930232558139535 0.000930232558139535 0.000930232558139535 0.000930232558139535 0.0027906976744186 0 0.00186046511627907 0 0.0027906976744186 0.0027906976744186 0.000930232558139535 0 0.000930232558139535 0 0.000930232558139535 0 0.000930232558139535 0.000930232558139535 0.00186046511627907 0.000930232558139535 0.0027906976744186 0 0.00186046511627907 0.000930232558139535 0 0 0.000930232558139535 0.00186046511627907 0.00186046511627907 0 0.00186046511627907 0.00930232558139535 0.000930232558139535 0.00930232558139535 0.012093023255814 0 0 0.000930232558139535 0.0027906976744186 0 0.0027906976744186 0.0027906976744186 0.000930232558139535 0.112558139534884 0.000930232558139535 0.000930232558139535 0.000930232558139535 0.12093023255814 0.00186046511627907 0.0027906976744186 0.0027906976744186 0.0102325581395349 0.0102325581395349 0.00837209302325581 0.00186046511627907 0.00186046511627907 0 0 0.00186046511627907 0.000930232558139535 0 0.00186046511627907 0 0.000930232558139535 0.000930232558139535 0.00186046511627907 0.000930232558139535 0 0.118139534883721 0.000930232558139535 0 0.00186046511627907 0.000930232558139535 0.0186046511627907 0.00930232558139535 0 0.00930232558139535 0.000930232558139535 0 0.000930232558139535 0.00186046511627907 0.000930232558139535 0 0.000930232558139535 0 0.0027906976744186 0.000930232558139535 0.00186046511627907 0.000930232558139535 0 0.000930232558139535 0.00186046511627907 0.00372093023255814 0.0102325581395349 0.35906976744186 0.013953488372093 0 0.00186046511627907 0.00186046511627907 0 0 0.00186046511627907 0.0027906976744186 0.00186046511627907 0.000930232558139535 0.000930232558139535 0.000930232558139535 0.00186046511627907 0.000930232558139535 0.000930232558139535 0.000930232558139535 0.00186046511627907 0.00372093023255814 0 0.00186046511627907 0.000930232558139535 0 0 0.00372093023255814 0 0.0027906976744186 0.00186046511627907 0 0.000930232558139535 0 0 0.00186046511627907 0.000930232558139535 0.00186046511627907 0 0.00186046511627907 0.000930232558139535 0 0 0.00186046511627907 0.000930232558139535 0.000930232558139535 0.00186046511627907 0 0.00186046511627907 0 0.000930232558139535 0 0 0.00186046511627907 0 0 0.00186046511627907 0 0 0.000930232558139535 0.0027906976744186 0.00372093023255814 0.00372093023255814 0.000930232558139535 0.000930232558139535 0.000930232558139535 0 0.000930232558139535 0 0 0 0 0.0027906976744186 0 0.00186046511627907 0.000930232558139535 0.00186046511627907 0 0 0.0027906976744186 0 0.000930232558139535 0 0.00186046511627907 0.00930232558139535 0.0027906976744186 0.00186046511627907 0 0.00186046511627907 0.00186046511627907 0 0.0027906976744186 0.000930232558139535 0 0 0.000930232558139535 0.00186046511627907 0 0.000930232558139535 0.00186046511627907 0.00186046511627907 0 0 0 0.00186046511627907 0.00186046511627907 0.000930232558139535 0 0.00186046511627907 0.000930232558139535 0.000930232558139535 0.000930232558139535 0.0027906976744186 0.0027906976744186 0.00186046511627907 0.0027906976744186 0 0.000930232558139535 0.000930232558139535 0 0 0 0 0.00186046511627907 0.000930232558139535 0.00837209302325581 0 0 0.0027906976744186 0 0.0027906976744186 0 0.000930232558139535 0.000930232558139535 0.00186046511627907 0.00186046511627907 0.000930232558139535 0 0.000930232558139535 0 0.136744186046512 0.000930232558139535 0 0.00930232558139535 0 0.00558139534883721 0.000930232558139535 0.0111627906976744 0.000930232558139535 0.00186046511627907 0.00186046511627907 0.00186046511627907 0 0.0604651162790698 0.0102325581395349 0.000930232558139535 0.00186046511627907 0.000930232558139535 0 0 0.13953488372093 0 0.0148837209302326 0.117209302325581 0.000930232558139535 0 0.000930232558139535 0 0.00651162790697674 0.00465116279069767 0.08 0.00930232558139535 0.000930232558139535 0.000930232558139535 0.00186046511627907 0 0.000930232558139535 0.000930232558139535 0.00186046511627907 0 0.000930232558139535 0.000930232558139535 0 0.0130232558139535 0 0.124651162790698 0.137674418604651 0.000930232558139535 0.00186046511627907 0.0027906976744186 0.00651162790697674 0.0027906976744186 0.0474418604651163 0.0604651162790698 0.000930232558139535 0 0 0.00372093023255814 0 0.125581395348837 0.0130232558139535 0 0.000930232558139535 0.0111627906976744 0.0102325581395349 0.000930232558139535 0.000930232558139535 0.0027906976744186 0.000930232558139535 0.000930232558139535 0.00930232558139535 0 0 0 0.00186046511627907 0.00372093023255814 0.00186046511627907 0.00186046511627907 0.0027906976744186 0.000930232558139535 0.622325581395349 0.11906976744186 0.000930232558139535 0.622325581395349 0.636279069767442 0.0027906976744186 0.0027906976744186 0 0 0.000930232558139535 0.000930232558139535 0.00186046511627907 0.000930232558139535 0 0.00651162790697674 0.0027906976744186 0.000930232558139535 0.000930232558139535 0.00186046511627907 0.000930232558139535 0.000930232558139535 0 0.000930232558139535 0.937674418604651 0.626976744186047 0.0232558139534884 0.000930232558139535 0.130232558139535 0 0.130232558139535 0.00186046511627907 0.000930232558139535 0.0790697674418605 0 0.00558139534883721 0.00186046511627907 0.000930232558139535 0.000930232558139535 0.0027906976744186 0.000930232558139535 0.000930232558139535 0.000930232558139535 0.000930232558139535 0.000930232558139535 0.630697674418605 0.00837209302325581 0.000930232558139535 0.129302325581395 0 0.126511627906977 0.000930232558139535 0.933023255813954 0.00744186046511628 0.0893023255813954 0.0027906976744186 0.000930232558139535 0.00186046511627907 0.00186046511627907 0.000930232558139535 0 0 0.00186046511627907 0.000930232558139535 0 0.000930232558139535 0 0.633488372093023 0.634418604651163 0.652093023255814 0.11906976744186 0.116279069767442 0 0.00186046511627907 0.489302325581395 0.0688372093023256 0.00186046511627907 0.0027906976744186 0.000930232558139535 0.000930232558139535 0 0.894883720930233 0.00558139534883721 0.000930232558139535 0 0 0.636279069767442 0.000930232558139535 0.628837209302326 0.141395348837209 0 0.000930232558139535 0.00186046511627907 0.325581395348837 0.000930232558139535 0.00837209302325581 0.00186046511627907 0.000930232558139535 0.0027906976744186 0.000930232558139535 0.00186046511627907 0.0111627906976744 0.00930232558139535 0.000930232558139535 0.00837209302325581 0.00930232558139535 0.000930232558139535 0.000930232558139535 0.00186046511627907 0.115348837209302 0.122790697674419 0.000930232558139535 0.000930232558139535 0.00837209302325581 0.00465116279069767 0 0.00651162790697674 0.000930232558139535 0.000930232558139535 0.00186046511627907 0 0 0.0027906976744186 0.000930232558139535 0.0027906976744186 0.000930232558139535 0.00186046511627907 0.000930232558139535 0.0158139534883721 0.00186046511627907 0.00837209302325581 0.803720930232558 0.00558139534883721 0.986046511627907 0.0148837209302326 0.000930232558139535 0.000930232558139535 0 0.000930232558139535 0.000930232558139535 0.00186046511627907 0 0 0.00930232558139535 0.00837209302325581 0.0027906976744186 0 0.000930232558139535 0.00186046511627907 0.000930232558139535 0.998139534883721 0.345116279069767 0.0111627906976744 0.00465116279069767 0.000930232558139535 0.0734883720930233 0.00651162790697674 0.000930232558139535 0.000930232558139535 0 0.000930232558139535 0.000930232558139535 0.000930232558139535 0.0734883720930233 0.00186046511627907 0.000930232558139535 0.0111627906976744 0.00744186046511628 0.0027906976744186 0.0027906976744186 0.00186046511627907 0.97953488372093 0.000930232558139535 0.96093023255814 0.336744186046512 0.000930232558139535 0.013953488372093 0 0 0.00186046511627907 0 0.133953488372093 0 0.00186046511627907 0.000930232558139535 0 0.00186046511627907 0.00186046511627907 0.000930232558139535 0.000930232558139535 0.00744186046511628 0.952558139534884 0.946976744186046 0.790697674418605 0.00744186046511628 0.106046511627907 0 0.00558139534883721 0.0111627906976744 0.00558139534883721 0 0 0.11906976744186 0.000930232558139535 0 0.00186046511627907 0.00186046511627907 0.000930232558139535 0.853953488372093 0 0.000930232558139535 0.00558139534883721 0.897674418604651 0.0102325581395349 0.995348837209302 0.102325581395349 0.0158139534883721 0.000930232558139535 0.000930232558139535 0.000930232558139535 0 0 0.00186046511627907 0.00186046511627907 0.125581395348837 0.146046511627907 0.124651162790698 0.000930232558139535 0.0130232558139535 0.95906976744186 0.916279069767442 0.336744186046512 0.423255813953488 0.956279069767442 0.997209302325581 0.00465116279069767 0.0111627906976744 0.0176744186046512 0.000930232558139535 0.00186046511627907 0.000930232558139535 0.00186046511627907 0.00651162790697674 0.0111627906976744 0.134883720930233 0.546046511627907 0.00930232558139535 0.653953488372093 0.000930232558139535 0.609302325581395 0.187906976744186 0.923720930232558 0.121860465116279 0.998139534883721 0.00558139534883721 0.0102325581395349 0 0.0130232558139535 0.00186046511627907 0.00186046511627907 0.000930232558139535 0.146046511627907 0.00744186046511628 0.00186046511627907 0 0.000930232558139535 0.96093023255814 0.131162790697674 0.64 0.402790697674419 0.546976744186046 0.938604651162791 0 0.000930232558139535 0 0.0986046511627907 0.00837209302325581 0.000930232558139535 0.00558139534883721 0 0.00837209302325581 0.000930232558139535 0 0.013953488372093 0.952558139534884 0.954418604651163 0.000930232558139535 0.129302325581395 0.630697674418605 0.0027906976744186 0.012093023255814 0.271627906976744 0.386976744186046 0.00930232558139535 0.0130232558139535 0 0 0.00930232558139535 0.324651162790698 0 0.0176744186046512 0.00186046511627907 0.209302325581395 0.122790697674419 0.0195348837209302 0.967441860465116 0 0 0.00930232558139535 0 0.00651162790697674 0.0027906976744186 0.667906976744186 0.013953488372093 0.0232558139534884 0.0148837209302326 0.255813953488372 0.343255813953488 0.000930232558139535 0 0.00186046511627907 0.000930232558139535 0.000930232558139535 0.000930232558139535 0.144186046511628 0.000930232558139535 0.0102325581395349 0.0130232558139535 0.0186046511627907 0.105116279069767 0.00651162790697674 0.00930232558139535 0.0697674418604651 0.125581395348837 0 0.0567441860465116 0.963720930232558 0.953488372093023 0.00744186046511628 0.00744186046511628 0.0027906976744186 0.0158139534883721 0.110697674418605 0.0148837209302326 0.00186046511627907 0 0.000930232558139535 0.00186046511627907 0 0.00186046511627907 0.000930232558139535 0 0.00837209302325581 0.000930232558139535 0.454883720930233 0.00837209302325581 0.00930232558139535 0.00837209302325581 0 0.0148837209302326 0.0027906976744186 0.012093023255814 0.000930232558139535 0 0.0102325581395349 0.013953488372093 0.101395348837209 0.347906976744186 0.000930232558139535 0.328372093023256 0 0.00837209302325581 0.863255813953488 0.963720930232558 0.655813953488372 0.00930232558139535 0 0.0027906976744186 0.000930232558139535 0.0130232558139535 0.000930232558139535 0.000930232558139535 0 0.824186046511628 0.961860465116279 0.996279069767442 0.0186046511627907 0.013953488372093 0.0027906976744186 0.176744186046512 0.146976744186047 0.12 0.0558139534883721 0.00744186046511628 0.0130232558139535 0.00186046511627907 0.000930232558139535 0.00186046511627907 0.00186046511627907 0.0167441860465116 0.012093023255814 0.000930232558139535 0.012093023255814 0.103255813953488 0.012093023255814 0.692093023255814 0.00372093023255814 0.0111627906976744 0.165581395348837 0.0148837209302326 0.690232558139535 0.0204651162790698 0.000930232558139535 0 0.0102325581395349 0.00930232558139535 0 0 0.153488372093023 0 0.00558139534883721 0 0.430697674418605 0.012093023255814 0.603720930232558 0.637209302325581 0.997209302325581 0.000930232558139535 0.00186046511627907 0.0027906976744186 0.827906976744186 0.0837209302325581 0.0027906976744186 0.0176744186046512 0.0027906976744186 0.165581395348837 0.0111627906976744 0 0.108837209302326 0.00372093023255814 0.573023255813954 0.0102325581395349 0.00930232558139535 0 0.130232558139535 0.626976744186047 0.00372093023255814 0.000930232558139535 0.0111627906976744 0.0102325581395349 0.00744186046511628 0.0604651162790698 0.00558139534883721 0.0111627906976744 0.000930232558139535 0.000930232558139535 0.0027906976744186 0.000930232558139535 0.000930232558139535 0.0027906976744186 0.000930232558139535 0.000930232558139535 0.012093023255814 0.00837209302325581 0 0.000930232558139535 0 0 0.000930232558139535 0.000930232558139535 0.000930232558139535 0 0.00837209302325581 0.000930232558139535 0 0 0.0130232558139535 0.000930232558139535 0 0.00186046511627907
Taxon_7 0 0 0 0 0.000930232558139535 0 0 0 0 0.000930232558139535 0 0 0 0 0 0 0 0 0 0.00186046511627907 0.000930232558139535 0 0.000930232558139535 0 0 0 0 0.000930232558139535 0 0 0 0 0 0 0 0 0 0 0 0 0.00465116279069767 0.0130232558139535 0 0.00930232558139535 0.0102325581395349 0 0 0 0.000930232558139535 0 0 0 0 0.0176744186046512 0 0 0 0.0176744186046512 0 0 0.000930232558139535 0.012093023255814 0.013953488372093 0.0111627906976744 0 0 0 0 0 0 0 0.00186046511627907 0 0 0.000930232558139535 0.000930232558139535 0 0 0.0102325581395349 0 0 0 0 0.0195348837209302 0.013953488372093 0.000930232558139535 0.013953488372093 0 0 0 0 0 0 0 0 0 0 0.000930232558139535 0 0 0 0 0 0.0167441860465116 0.532093023255814 0.0195348837209302 0 0 0.000930232558139535 0 0 0 0 0.000930232558139535 0 0 0 0 0 0 0 0 0.00558139534883721 0 0 0 0 0 0 0 0 0 0 0 0 0 0 0 0.00186046511627907 0 0 0.000930232558139535 0 0 0.000930232558139535 0 0 0.000930232558139535 0 0 0 0 0 0 0 0 0 0.00186046511627907 0 0 0 0 0.000930232558139535 0.000930232558139535 0.000930232558139535 0.000930232558139535 0 0 0.000930232558139535 0 0 0 0 0 0 0 0.000930232558139535 0 0 0 0 0 0 0 0.000930232558139535 0.00930232558139535 0 0.00186046511627907 0 0 0 0 0.000930232558139535 0 0 0 0 0.000930232558139535 0 0.000930232558139535 0.000930232558139535 0.000930232558139535 0 0 0 0 0 0 0 0 0 0 0 0.000930232558139535 0.000930232558139535 0.000930232558139535 0.000930232558139535 0 0 0 0 0 0 0 0.000930232558139535 0 0.0148837209302326 0 0.000930232558139535 0 0 0 0 0 0.000930232558139535 0 0 0 0.000930232558139535 0 0 0.0195348837209302 0 0.000930232558139535 0.012093023255814 0 0.00744186046511628 0.000930232558139535 0.012093023255814 0 0 0.000930232558139535 0.000930232558139535 0 0.0530232558139535 0.0148837209302326 0.00186046511627907 0.00372093023255814 0 0 0 0.134883720930233 0 0.0186046511627907 0.109767441860465 0 0 0.000930232558139535 0.000930232558139535 0.00837209302325581 0.0111627906976744 0.0697674418604651 0.0102325581395349 0 0 0 0 0 0.000930232558139535 0 0 0 0.000930232558139535 0 0.0176744186046512 0 0.0111627906976744 0.0111627906976744 0 0 0 0.00837209302325581 0 0.0437209302325581 0.0530232558139535 0.000930232558139535 0 0 0 0 0.0176744186046512 0.0195348837209302 0 0 0.0167441860465116 0.0176744186046512 0 0 0 0.000930232558139535 0 0.00930232558139535 0 0 0 0.000930232558139535 0.000930232558139535 0.0027906976744186 0 0.000930232558139535 0.000930232558139535 0.0846511627906977 0.0176744186046512 0 0.0744186046511628 0.0818604651162791 0 0.000930232558139535 0 0.000930232558139535 0 0 0 0 0 0.00930232558139535 0 0 0.000930232558139535 0 0 0 0 0 0.850232558139535 0.573023255813954 0.027906976744186 0 0.013953488372093 0 0.0158139534883721 0 0 0.0688372093023256 0 0.00930232558139535 0.00186046511627907 0 0 0.000930232558139535 0 0 0 0 0 0.594418604651163 0.0111627906976744 0 0.0111627906976744 0 0.0111627906976744 0 0.812093023255814 0.0111627906976744 0.0874418604651163 0.00558139534883721 0 0 0 0 0 0.000930232558139535 0 0 0 0 0 0.0567441860465116 0.0753488372093023 0.0753488372093023 0.013953488372093 0.0167441860465116 0 0 0.50046511627907 0.0641860465116279 0 0 0 0 0 0.933023255813954 0.00651162790697674 0 0 0 0.0595348837209302 0 0.593488372093023 0.0213953488372093 0 0 0 0.498604651162791 0 0.0130232558139535 0 0 0 0 0 0.0111627906976744 0.0111627906976744 0 0.0111627906976744 0.0167441860465116 0 0 0 0.0148837209302326 0.0167441860465116 0.00186046511627907 0 0.0111627906976744 0.00744186046511628 0 0.00930232558139535 0.000930232558139535 0 0 0 0 0.00186046511627907 0 0.000930232558139535 0 0 0 0.0241860465116279 0 0.0102325581395349 0.835348837209302 0.00651162790697674 0.990697674418605 0.0167441860465116 0.000930232558139535 0 0 0.000930232558139535 0 0 0 0.000930232558139535 0.0130232558139535 0.00930232558139535 0.000930232558139535 0 0 0 0 1 0.512558139534884 0.0167441860465116 0.00651162790697674 0.000930232558139535 0.0641860465116279 0.00744186046511628 0 0 0 0 0 0.000930232558139535 0.067906976744186 0.000930232558139535 0 0.012093023255814 0.0102325581395349 0 0 0.00186046511627907 0.985116279069767 0.000930232558139535 0.992558139534884 0.49953488372093 0 0.0176744186046512 0 0 0 0.000930232558139535 0.0186046511627907 0 0 0 0 0.000930232558139535 0 0 0 0.00744186046511628 0.991627906976744 1 0.815813953488372 0.00744186046511628 0.103255813953488 0 0.00837209302325581 0.0158139534883721 0.00651162790697674 0 0 0.0158139534883721 0.000930232558139535 0 0.000930232558139535 0.000930232558139535 0 0.887441860465116 0 0 0.0102325581395349 0.932093023255814 0.0158139534883721 0.993488372093023 0.0967441860465116 0.0176744186046512 0 0 0 0 0 0 0 0.0186046511627907 0.0148837209302326 0.012093023255814 0 0.0176744186046512 1 0.944186046511628 0.504186046511628 0.615813953488372 0.908837209302326 0.997209302325581 0.00186046511627907 0.013953488372093 0.0232558139534884 0 0 0 0.000930232558139535 0.0111627906976744 0.0148837209302326 0.0148837209302326 0.505116279069767 0.013953488372093 0.0930232558139535 0 0.903255813953488 0.173953488372093 0.822325581395349 0.0102325581395349 0.99906976744186 0.0111627906976744 0.013953488372093 0 0.0158139534883721 0 0 0.000930232558139535 0.0223255813953488 0.0102325581395349 0.000930232558139535 0 0 0.911627906976744 0.0186046511627907 0.0827906976744186 0.59906976744186 0.496744186046512 0.84 0 0 0 0.0855813953488372 0.00930232558139535 0 0.013953488372093 0 0.0148837209302326 0 0 0.0204651162790698 0.88093023255814 0.876279069767442 0 0.0158139534883721 0.0790697674418605 0.00372093023255814 0.0167441860465116 0.424186046511628 0.558139534883721 0.0130232558139535 0.0130232558139535 0 0 0.0102325581395349 0.502325581395349 0 0.0251162790697674 0 0.283720930232558 0.124651162790698 0.0176744186046512 0.891162790697674 0 0 0.0148837209302326 0 0.0130232558139535 0 0.698604651162791 0.0186046511627907 0.0297674418604651 0.0204651162790698 0.381395348837209 0.517209302325581 0 0 0 0 0 0 0.218604651162791 0 0.0111627906976744 0.0176744186046512 0.0213953488372093 0.0967441860465116 0.00930232558139535 0.012093023255814 0.0623255813953488 0.11906976744186 0.000930232558139535 0.0874418604651163 0.996279069767442 0.994418604651163 0.00744186046511628 0.00930232558139535 0.000930232558139535 0.0176744186046512 0.102325581395349 0.0167441860465116 0 0 0 0 0 0.000930232558139535 0 0 0.0111627906976744 0 0.477209302325581 0.0111627906976744 0.0158139534883721 0.00651162790697674 0 0.0176744186046512 0 0.0195348837209302 0 0 0.013953488372093 0.0167441860465116 0.0920930232558139 0.50046511627907 0 0.488372093023256 0 0.0102325581395349 0.897674418604651 0.99906976744186 0.996279069767442 0.00930232558139535 0 0 0 0.0195348837209302 0 0 0 0.853953488372093 0.886511627906977 0.989767441860465 0.0195348837209302 0.0176744186046512 0 0.255813953488372 0.13953488372093 0.118139534883721 0.0511627906976744 0.00837209302325581 0.013953488372093 0 0 0 0.000930232558139535 0.0232558139534884 0.0130232558139535 0 0.012093023255814 0.0948837209302326 0.0195348837209302 0.65953488372093 0 0.012093023255814 0.161860465116279 0.0204651162790698 0.721860465116279 0.026046511627907 0 0 0.0148837209302326 0.012093023255814 0 0 0.233488372093023 0 0.00930232558139535 0 0.441860465116279 0.0148837209302326 0.0911627906976744 0.0706976744186047 1 0 0.000930232558139535 0 0.861395348837209 0.0762790697674419 0 0.0223255813953488 0 0.16093023255814 0.0158139534883721 0 0.0995348837209302 0.00465116279069767 0.52 0.0130232558139535 0.013953488372093 0 0.0111627906976744 0.104186046511628 0 0 0.012093023255814 0.013953488372093 0.00930232558139535 0.0846511627906977 0.00651162790697674 0.0148837209302326 0 0 0 0 0 0 0 0 0.0176744186046512 0.0130232558139535 0 0 0 0.000930232558139535 0 0 0 0 0.012093023255814 0.000930232558139535 0 0 0.0148837209302326 0 0 0.000930232558139535
Taxon_8 0 0 0 0 0 0 0 0 0 0 0 0 0 0 0 0 0 0 0 0 0 0 0 0 0 0 0 0 0 0.000930232558139535 0 0 0 0 0 0 0 0 0.000930232558139535 0 0.111627906976744 0.106046511627907 0 0.112558139534884 0.124651162790698 0.000930232558139535 0 0 0 0 0 0 0 0 0 0 0 0.000930232558139535 0 0 0 0.112558139534884 0.121860465116279 0.121860465116279 0 0 0 0 0 0 0 0 0 0 0.000930232558139535 0 0 0 0 0 0 0 0 0.000930232558139535 0.000930232558139535 0.000930232558139535 0.134883720930233 0 0 0 0 0.000930232558139535 0 0 0 0 0 0 0 0 0 0 0 0.0995348837209302 0.568372093023256 0 0 0 0 0 0 0 0 0 0 0 0 0 0 0 0 0 0.104186046511628 0.000930232558139535 0 0 0.000930232558139535 0 0 0 0 0 0 0 0 0 0 0 0 0 0 0 0 0 0 0 0 0 0 0 0 0 0 0 0 0 0.000930232558139535 0 0 0 0 0 0 0 0.000930232558139535 0 0 0 0 0 0 0 0 0.000930232558139535 0 0 0 0 0 0 0 0 0 0 0 0.116279069767442 0 0 0 0 0 0 0 0 0 0 0 0 0 0 0 0 0 0 0 0 0 0 0 0 0 0 0 0 0 0 0 0 0 0 0 0.000930232558139535 0 0 0.000930232558139535 0 0.112558139534884 0 0 0 0 0 0 0 0 0 0 0 0 0 0 0 0 0 0.122790697674419 0 0.106046511627907 0 0.0893023255813954 0 0 0 0 0 0.132093023255814 0.108837209302326 0 0.0920930232558139 0 0 0 0.00186046511627907 0 0.00186046511627907 0.00186046511627907 0 0 0.000930232558139535 0 0.0976744186046512 0.115348837209302 0.15906976744186 0.130232558139535 0 0 0 0 0 0 0 0 0 0 0.000930232558139535 0 0 0.000930232558139535 0 0 0 0 0.115348837209302 0 0.133023255813953 0.151627906976744 0 0 0 0 0 0.000930232558139535 0 0 0.000930232558139535 0 0 0 0 0 0 0 0.103255813953488 0 0 0 0 0 0 0 0 0 0.00186046511627907 0 0 0.00372093023255814 0 0 0 0 0 0 0 0 0 0.000930232558139535 0.124651162790698 0 0 0 0 0 0 0 0 0.0176744186046512 0.0176744186046512 0 0 0.000930232558139535 0 0 0 0 0.166511627906977 0 0.115348837209302 0 0 0 0 0 0.000930232558139535 0 0 0 0.0223255813953488 0.000930232558139535 0 0 0 0 0.000930232558139535 0.823255813953488 0.112558139534884 0.172093023255814 0.102325581395349 0 0 0 0 0 0 0 0 0 0 0 0 0.00186046511627907 0 0 0 0 0 1 0.147906976744186 0 0 0 0 0 0.927441860465116 0.000930232558139535 0 0 0 0.00186046511627907 0 0.0148837209302326 0.000930232558139535 0 0 0 0.544186046511628 0 0.10046511627907 0 0 0 0 0 0.101395348837209 0.107906976744186 0 0.10046511627907 0.113488372093023 0 0 0 0.000930232558139535 0 0 0 0 0.104186046511628 0 0.115348837209302 0 0 0 0 0 0 0 0 0 0 0 0 0 0.117209302325581 0.846511627906977 0.0958139534883721 0.962790697674419 0 0 0.000930232558139535 0 0 0 0 0 0 0.109767441860465 0.105116279069767 0 0 0 0 0 0.986976744186047 0.563720930232558 0.113488372093023 0.106046511627907 0 0.146976744186047 0.112558139534884 0 0 0 0 0 0 0.168372093023256 0 0 0 0 0 0 0 0.974883720930233 0 0.971162790697674 0.543255813953488 0 0.124651162790698 0 0 0 0 0.000930232558139535 0 0 0 0 0.000930232558139535 0 0 0 0.112558139534884 0.977674418604651 1 0.816744186046512 0.110697674418605 0.188837209302326 0 0.0958139534883721 0.116279069767442 0.122790697674419 0 0 0 0 0 0 0 0 0.889302325581395 0 0 0.0846511627906977 0.930232558139535 0 0.977674418604651 0.186046511627907 0 0 0.000930232558139535 0 0 0 0 0 0.000930232558139535 0.000930232558139535 0 0 0 1 0.937674418604651 0.537674418604651 0.632558139534884 0.0232558139534884 0.978604651162791 0 0 0 0 0 0 0 0 0 0.000930232558139535 0.0148837209302326 0 0.0027906976744186 0 0.99906976744186 0.00372093023255814 0.832558139534884 0 0.986046511627907 0.000930232558139535 0.123720930232558 0 0 0 0 0 0 0 0 0 0 0.0297674418604651 0 0.00186046511627907 0.634418604651163 0.543255813953488 0.849302325581395 0 0 0.000930232558139535 0.164651162790698 0.108837209302326 0 0.11906976744186 0 0.000930232558139535 0 0 0 0.0288372093023256 0.0186046511627907 0 0.000930232558139535 0.00186046511627907 0.0920930232558139 0 0.481860465116279 0.587906976744186 0.102325581395349 0.106976744186047 0 0 0.109767441860465 0.547906976744186 0.000930232558139535 0.0027906976744186 0 0.00837209302325581 0.000930232558139535 0.000930232558139535 0.0232558139534884 0.000930232558139535 0 0 0 0.00186046511627907 0 0.0269767441860465 0.00186046511627907 0 0.00372093023255814 0.441860465116279 0.554418604651163 0 0 0 0 0 0.000930232558139535 0.00651162790697674 0 0 0.000930232558139535 0.00186046511627907 0.178604651162791 0.101395348837209 0.111627906976744 0.161860465116279 0.00465116279069767 0 0.995348837209302 0.982325581395349 0.985116279069767 0.0967441860465116 0.107906976744186 0 0.000930232558139535 0.00372093023255814 0 0 0 0 0 0 0 0 0 0.109767441860465 0 0.998139534883721 0.11906976744186 0.00186046511627907 0.113488372093023 0 0 0 0 0 0 0.129302325581395 0.103255813953488 0.164651162790698 0.546046511627907 0 0.537674418604651 0 0.121860465116279 0.893953488372093 1 1 0 0 0 0.000930232558139535 0.000930232558139535 0 0 0 0.858604651162791 0.0251162790697674 0.0269767441860465 0 0 0 0.00651162790697674 0.00372093023255814 0.00465116279069767 0.141395348837209 0.116279069767442 0 0 0 0 0 0.000930232558139535 0.113488372093023 0.000930232558139535 0.0930232558139535 0.00465116279069767 0 0.0167441860465116 0 0.105116279069767 0.00651162790697674 0 0.0204651162790698 0.000930232558139535 0 0 0 0.104186046511628 0 0 0.00558139534883721 0 0.103255813953488 0 0.99906976744186 0 0.0027906976744186 0.00186046511627907 0.97953488372093 0 0 0 0.855813953488372 0.16093023255814 0.000930232558139535 0.000930232558139535 0 0.00465116279069767 0 0 0.198139534883721 0.0995348837209302 0.547906976744186 0.000930232558139535 0 0 0 0.0027906976744186 0.000930232558139535 0 0.112558139534884 0.103255813953488 0.103255813953488 0.99906976744186 0.0865116279069767 0 0 0 0 0 0 0 0 0 0 0 0 0 0 0 0 0 0 0 0 0 0 0 0.000930232558139535 0 0 0
Taxon_9 0.000930232558139535 0 0.000930232558139535 0 0 0 0 0 0 0 0 0 0 0 0 0 0 0 0 0 0 0 0 0 0 0 0.000930232558139535 0 0 0 0 0 0 0 0 0 0 0 0 0.000930232558139535 0 0.000930232558139535 0 0.000930232558139535 0 0 0 0.00186046511627907 0 0 0 0 0 0.0027906976744186 0.000930232558139535 0 0 0.0027906976744186 0 0 0 0.000930232558139535 0.0027906976744186 0.0027906976744186 0 0 0 0 0 0 0 0 0 0 0.000930232558139535 0 0.000930232558139535 0 0.000930232558139535 0 0 0 0 0.067906976744186 0.0613953488372093 0 0.00186046511627907 0 0 0 0 0 0 0 0 0 0 0.000930232558139535 0 0 0 0 0 0.00372093023255814 0.548837209302326 0.0576744186046512 0 0 0.000930232558139535 0 0 0 0 0.000930232558139535 0 0 0 0 0 0 0 0 0.000930232558139535 0 0 0 0 0.000930232558139535 0 0 0 0 0 0.000930232558139535 0 0 0 0.00186046511627907 0.000930232558139535 0 0 0.000930232558139535 0 0 0.000930232558139535 0 0 0 0 0 0 0 0 0 0 0 0 0.00186046511627907 0 0 0 0.000930232558139535 0 0.00186046511627907 0 0 0 0 0 0.000930232558139535 0.000930232558139535 0 0 0 0 0 0 0 0.000930232558139535 0.00186046511627907 0 0 0 0 0.000930232558139535 0.000930232558139535 0 0.000930232558139535 0 0 0 0 0 0 0 0 0 0 0 0 0 0.000930232558139535 0 0 0 0.00186046511627907 0 0 0 0 0 0 0 0.000930232558139535 0.000930232558139535 0.000930232558139535 0.000930232558139535 0 0 0 0 0 0 0 0 0 0.0027906976744186 0 0 0.000930232558139535 0 0 0.000930232558139535 0 0 0 0 0 0 0 0 0.00372093023255814 0 0.000930232558139535 0.00186046511627907 0 0.00186046511627907 0 0.000930232558139535 0 0 0 0 0 0.0111627906976744 0.0027906976744186 0 0.000930232558139535 0 0 0 0.175813953488372 0 0.0725581395348837 0.158139534883721 0 0 0 0 0.00186046511627907 0.00186046511627907 0.0102325581395349 0 0 0 0 0 0 0 0 0 0 0 0 0.0706976744186047 0 0.0027906976744186 0.0027906976744186 0 0 0 0.00186046511627907 0 0.0102325581395349 0.00744186046511628 0 0 0 0 0 0.000930232558139535 0.08 0 0 0.0688372093023256 0.0697674418604651 0 0 0 0 0 0.000930232558139535 0 0 0 0 0 0.00186046511627907 0 0 0.000930232558139535 0.0158139534883721 0.00372093023255814 0 0.0102325581395349 0.0148837209302326 0 0 0 0 0 0 0 0 0 0.00186046511627907 0 0 0 0.000930232558139535 0 0 0 0 0.849302325581395 0.584186046511628 0.08 0 0.00186046511627907 0 0.0027906976744186 0 0 0.012093023255814 0 0.00186046511627907 0 0 0 0 0 0 0 0 0 0.61953488372093 0.0669767441860465 0 0.0027906976744186 0 0 0 0.16093023255814 0.00372093023255814 0.0148837209302326 0.00186046511627907 0 0.000930232558139535 0 0 0 0 0.000930232558139535 0 0 0 0 0.00837209302325581 0.0186046511627907 0.0102325581395349 0.00186046511627907 0.00465116279069767 0 0 0.0930232558139535 0.012093023255814 0 0.000930232558139535 0 0 0 0.930232558139535 0.0623255813953488 0 0 0 0.012093023255814 0 0.606511627906977 0.00465116279069767 0 0 0 0.523720930232558 0 0.000930232558139535 0 0 0 0 0 0.000930232558139535 0.00186046511627907 0 0.00372093023255814 0.00465116279069767 0.000930232558139535 0 0 0.000930232558139535 0.00186046511627907 0 0 0.067906976744186 0.000930232558139535 0 0 0 0 0.000930232558139535 0 0.000930232558139535 0.000930232558139535 0 0 0 0 0 0.0744186046511628 0 0.00186046511627907 0.84 0.0027906976744186 0.978604651162791 0.0734883720930233 0.000930232558139535 0 0 0 0 0 0 0 0.000930232558139535 0 0.000930232558139535 0 0 0.000930232558139535 0 0.997209302325581 0.537674418604651 0.00651162790697674 0.000930232558139535 0 0.00837209302325581 0.000930232558139535 0 0 0.000930232558139535 0 0 0 0.0158139534883721 0.00186046511627907 0 0.0623255813953488 0.0502325581395349 0 0 0 0.975813953488372 0 1 0.525581395348837 0 0.00465116279069767 0 0 0 0 0.000930232558139535 0 0.000930232558139535 0 0 0 0 0 0 0.000930232558139535 1 1 0.81953488372093 0 0.0148837209302326 0 0.00186046511627907 0.0027906976744186 0.0027906976744186 0 0 0.00186046511627907 0 0 0 0 0 0.888372093023256 0 0 0.000930232558139535 0.928372093023256 0.0576744186046512 0.989767441860465 0.0195348837209302 0.0641860465116279 0 0 0.000930232558139535 0.000930232558139535 0 0 0 0.00372093023255814 0.000930232558139535 0.00558139534883721 0 0.0734883720930233 1 0.944186046511628 0.533953488372093 0.643720930232558 0.910697674418605 0.991627906976744 0 0.0567441860465116 0.067906976744186 0 0 0 0 0.0548837209302326 0.0651162790697674 0.00186046511627907 0.523720930232558 0.0548837209302326 0.0204651162790698 0 0.905116279069767 0.209302325581395 0.137674418604651 0.0027906976744186 0.987906976744186 0.0586046511627907 0.00186046511627907 0 0.0651162790697674 0 0 0 0.00651162790697674 0.0641860465116279 0 0 0 0.909767441860465 0.0027906976744186 0.0111627906976744 0.61953488372093 0.0837209302325581 0.138604651162791 0 0 0 0.0176744186046512 0.000930232558139535 0 0.00372093023255814 0 0.052093023255814 0.000930232558139535 0 0.067906976744186 0.887441860465116 0.875348837209302 0 0.0027906976744186 0.0186046511627907 0.000930232558139535 0.0716279069767442 0.455813953488372 0.57953488372093 0.00186046511627907 0.000930232558139535 0 0.000930232558139535 0.00372093023255814 0.521860465116279 0 0.0781395348837209 0 0.98046511627907 0.178604651162791 0.0623255813953488 0.890232558139535 0 0 0.0641860465116279 0 0.0548837209302326 0 0.989767441860465 0.0734883720930233 0.0772093023255814 0.0744186046511628 0.408372093023256 0.536744186046512 0 0 0 0 0 0 0.981395348837209 0.000930232558139535 0.066046511627907 0.0716279069767442 0.0809302325581395 0.0167441860465116 0.000930232558139535 0.000930232558139535 0.00930232558139535 0.155348837209302 0 0.012093023255814 1 1 0.00186046511627907 0.00186046511627907 0.00186046511627907 0.067906976744186 0.14046511627907 0.0623255813953488 0 0 0 0.000930232558139535 0 0 0 0 0.00372093023255814 0 0.0837209302325581 0.00186046511627907 0.0576744186046512 0.000930232558139535 0 0.0641860465116279 0 0.0688372093023256 0 0 0 0.00465116279069767 0.0167441860465116 0.522790697674419 0 0.507906976744186 0 0.000930232558139535 0.893023255813953 0.990697674418605 1 0.053953488372093 0 0 0.000930232558139535 0.0772093023255814 0 0 0.000930232558139535 0.845581395348837 0.882790697674419 1 0.0706976744186047 0.0734883720930233 0 0.975813953488372 0.187906976744186 0.164651162790698 0.0130232558139535 0.00186046511627907 0.0623255813953488 0.000930232558139535 0 0 0 0.0790697674418605 0.0027906976744186 0 0 0.146046511627907 0.0744186046511628 0.68 0 0.00372093023255814 0.210232558139535 0.0753488372093023 0.994418604651163 0.0753488372093023 0 0 0.0697674418604651 0.000930232558139535 0 0 0.98046511627907 0 0 0 0.0809302325581395 0.0623255813953488 0.0176744186046512 0.0148837209302326 0.991627906976744 0 0.000930232558139535 0 0.86046511627907 0.013953488372093 0.000930232558139535 0.0781395348837209 0 0.204651162790698 0.0753488372093023 0 0.013953488372093 0.00186046511627907 0.0902325581395349 0.0595348837209302 0.0651162790697674 0 0.00372093023255814 0.0176744186046512 0 0 0.0027906976744186 0.00372093023255814 0 0.0130232558139535 0.000930232558139535 0.0576744186046512 0 0.000930232558139535 0 0 0 0 0 0 0.066046511627907 0.0697674418604651 0 0 0 0 0 0 0 0 0.0604651162790698 0.000930232558139535 0 0.000930232558139535 0.0716279069767442 0 0 0

#TREE
(((Taxon_1:10.0,Taxon_2:10.0)Taxon_6:20.0,(Taxon_3:20.0,Taxon_4:20.0)Taxon_7:10.0)Taxon_8:10.0,Taxon_5:40.0)Taxon_9;